生成启动时间为 2017-09-26 21:50:35。
     1>项目“J:\matlab2c软件制作\测试\测试\测试.vcxproj”在节点 2 上(Build 个目标)。
     1>ClCompile:
         G:\vs2012\VC\bin\CL.exe /c /ZI /nologo /W3 /WX- /Od /Oy- /D WIN32 /D _DEBUG /D _CONSOLE /D _UNICODE /D UNICODE /Gm /EHsc /MDd /GS /fp:precise /Zc:wchar_t /Zc:forScope /Fo"Debug\\" /Fd"Debug\vc110.pdb" /Gd /TP /analyze- /errorReport:prompt main.cpp
         main.cpp
     1>j:\matlab2c软件制作\测试\测试\matlab2c.h(1025): warning C4091: “__declspec(dllexport)”: 没有声明变量时忽略“Matlab2c::Matrix”的左侧
     1>j:\matlab2c软件制作\测试\测试\matlab2c.h(242): warning C4018: “<”: 有符号/无符号不匹配
     1>j:\matlab2c软件制作\测试\测试\matlab2c.h(254): warning C4018: “<”: 有符号/无符号不匹配
     1>j:\matlab2c软件制作\测试\测试\matlab2c.h(1859): warning C4091: “__declspec(dllexport)”: 没有声明变量时忽略“Matlab2c::CMatrix”的左侧
     1>j:\matlab2c软件制作\测试\测试\matlab2c.h(1116): warning C4018: “<”: 有符号/无符号不匹配
     1>j:\matlab2c软件制作\测试\测试\matlab2c.h(1121): warning C4018: “<”: 有符号/无符号不匹配
     1>j:\matlab2c软件制作\测试\测试\matlab2c.h(1130): warning C4018: “<”: 有符号/无符号不匹配
     1>j:\matlab2c软件制作\测试\测试\main.cpp(10): warning C4996: 'sprintf': This function or variable may be unsafe. Consider using sprintf_s instead. To disable deprecation, use _CRT_SECURE_NO_WARNINGS. See online help for details.
                 g:\vs2012\vc\include\stdio.h(357) : 参见“sprintf”的声明
       Link:
         G:\vs2012\VC\bin\link.exe /ERRORREPORT:PROMPT /OUT:"J:\matlab2c软件制作\测试\Debug\测试.exe" /INCREMENTAL /NOLOGO kernel32.lib user32.lib gdi32.lib winspool.lib comdlg32.lib advapi32.lib shell32.lib ole32.lib oleaut32.lib uuid.lib odbc32.lib odbccp32.lib /MANIFEST /MANIFESTUAC:"level='asInvoker' uiAccess='false'" /manifest:embed /DEBUG /PDB:"J:\matlab2c软件制作\测试\Debug\测试.pdb" /SUBSYSTEM:CONSOLE /TLBID:1 /DYNAMICBASE /NXCOMPAT /IMPLIB:"J:\matlab2c软件制作\测试\Debug\测试.lib" /MACHINE:X86 Debug\main.obj
         测试.vcxproj -> J:\matlab2c软件制作\测试\Debug\测试.exe
     1>已完成生成项目“J:\matlab2c软件制作\测试\测试\测试.vcxproj”(Build 个目标)的操作。

生成成功。

已用时间 00:00:01.71
