J:\MATLAB2C软件制作\测试\测试\DEBUG\MAIN.OBJ
J:\MATLAB2C软件制作\测试\测试\DEBUG\VC110.PDB
J:\MATLAB2C软件制作\测试\DEBUG\基础教程.ILK
J:\MATLAB2C软件制作\测试\DEBUG\基础教程.EXE
J:\MATLAB2C软件制作\测试\DEBUG\基础教程.PDB
J:\matlab2c软件制作\测试\测试\Debug\main.obj
J:\matlab2c软件制作\测试\测试\Debug\cl.command.1.tlog
J:\matlab2c软件制作\测试\测试\Debug\CL.read.1.tlog
J:\matlab2c软件制作\测试\测试\Debug\CL.write.1.tlog
J:\matlab2c软件制作\测试\测试\Debug\link-cvtres.read.1.tlog
J:\matlab2c软件制作\测试\测试\Debug\link-cvtres.write.1.tlog
J:\matlab2c软件制作\测试\测试\Debug\link-rc.read.1.tlog
J:\matlab2c软件制作\测试\测试\Debug\link-rc.write.1.tlog
J:\matlab2c软件制作\测试\测试\Debug\link.command.1.tlog
J:\matlab2c软件制作\测试\测试\Debug\link.read.1.tlog
J:\matlab2c软件制作\测试\测试\Debug\link.write.1.tlog
J:\matlab2c软件制作\测试\测试\Debug\vc110.idb
J:\matlab2c软件制作\测试\测试\Debug\vc110.pdb
J:\matlab2c软件制作\测试\Debug\基础教程.pdb
J:\matlab2c软件制作\测试\Debug\基础教程.exe
J:\matlab2c软件制作\测试\Debug\基础教程.ilk
